<?xml version="1.0" encoding="UTF-8"?>
<!-- Generated by org.testng.reporters.JUnitReportReporter -->
<testsuite skipped="0" hostname="DESKTOP-655TDM2" name="com.RestAPI.RestAssuredBDD.TC003_POST_CREATE_EMPLOYEES" tests="1" failures="0" timestamp="18 Jul 2020 08:40:02 GMT" time="7.472" errors="0">
  <testcase name="createEmployee" time="7.472" classname="com.RestAPI.RestAssuredBDD.TC003_POST_CREATE_EMPLOYEES"/>
</testsuite> <!-- com.RestAPI.RestAssuredBDD.TC003_POST_CREATE_EMPLOYEES -->
