<?xml version="1.0" encoding="UTF-8"?>
<!-- Generated by org.testng.reporters.JUnitReportReporter -->
<testsuite skipped="0" hostname="DESKTOP-655TDM2" name="com.RestAPI.RestAssuredBDD.Tc004_DeleteEmployeeID" tests="1" failures="0" timestamp="18 Jul 2020 08:46:08 GMT" time="5.071" errors="0">
  <testcase name="m1" time="5.071" classname="com.RestAPI.RestAssuredBDD.Tc004_DeleteEmployeeID"/>
</testsuite> <!-- com.RestAPI.RestAssuredBDD.Tc004_DeleteEmployeeID -->
