<?xml version="1.0" encoding="UTF-8"?>
<!-- Generated by org.testng.reporters.JUnitReportReporter -->
<testsuite skipped="0" hostname="DESKTOP-655TDM2" name="com.RestAPI.RestAssuredBDD.PathParametersInPost" tests="1" failures="0" timestamp="18 Jul 2020 13:40:08 GMT" time="4.965" errors="0">
  <testcase name="m1" time="4.965" classname="com.RestAPI.RestAssuredBDD.PathParametersInPost"/>
</testsuite> <!-- com.RestAPI.RestAssuredBDD.PathParametersInPost -->
