<?xml version="1.0" encoding="UTF-8"?>
<!-- Generated by org.testng.reporters.JUnitReportReporter -->
<testsuite skipped="0" hostname="DESKTOP-655TDM2" name="com.RestAPI.RestAssuredBDD.TC002_GET_Req_Employees" tests="1" failures="1" timestamp="18 Jul 2020 08:18:52 GMT" time="4.052" errors="0">
  <testcase name="getEmployeesDetails" time="4.052" classname="com.RestAPI.RestAssuredBDD.TC002_GET_Req_Employees">
    <failure type="java.lang.AssertionError" message="1 expectation failed.
Expected header &quot;Content-Type&quot; was not &quot;application/json&quot;, was &quot;application/json;charset=utf-8&quot;. Headers are:
Access-Control-Allow-Origin=*
Access-Control-Expose-Headers=Content-Type, X-Requested-With, X-authentication, X-client
Cache-Control=max-age=31536000
Content-Encoding=gzip
Content-Type=application/json;charset=utf-8
Date=Sat, 18 Jul 2020 08:18:51 GMT
Display=staticcontent_sol
Referrer-Policy=
Response=200
Server=nginx/1.16.0
Vary=Accept-Encoding
Vary=Accept-Encoding,User-Agent,Origin,X-APP-JSON
X-Ezoic-Cdn=Hit ds;mm;64e5dcd8fd074fe044e20470a9643699;2-133674-2;11eea874-25cc-4a8a-4a7a-e7fd9bafe9d8
X-Middleton-Display=staticcontent_sol
X-Middleton-Response=200
X-Sol=pub_site
Content-Length=595
">
      <![CDATA[java.lang.AssertionError: 1 expectation failed.
Expected header "Content-Type" was not "application/json", was "application/json;charset=utf-8". Headers are:
Access-Control-Allow-Origin=*
Access-Control-Expose-Headers=Content-Type, X-Requested-With, X-authentication, X-client
Cache-Control=max-age=31536000
Content-Encoding=gzip
Content-Type=application/json;charset=utf-8
Date=Sat, 18 Jul 2020 08:18:51 GMT
Display=staticcontent_sol
Referrer-Policy=
Response=200
Server=nginx/1.16.0
Vary=Accept-Encoding
Vary=Accept-Encoding,User-Agent,Origin,X-APP-JSON
X-Ezoic-Cdn=Hit ds;mm;64e5dcd8fd074fe044e20470a9643699;2-133674-2;11eea874-25cc-4a8a-4a7a-e7fd9bafe9d8
X-Middleton-Display=staticcontent_sol
X-Middleton-Response=200
X-Sol=pub_site
Content-Length=595

at sun.reflect.NativeConstructorAccessorImpl.newInstance0(Native Method)
at sun.reflect.NativeConstructorAccessorImpl.newInstance(Unknown Source)
at sun.reflect.DelegatingConstructorAccessorImpl.newInstance(Unknown Source)
at java.lang.reflect.Constructor.newInstance(Unknown Source)
at org.codehaus.groovy.reflection.CachedConstructor.invoke(CachedConstructor.java:72)
at org.codehaus.groovy.reflection.CachedConstructor.doConstructorInvoke(CachedConstructor.java:59)
at org.codehaus.groovy.runtime.callsite.ConstructorSite$ConstructorSiteNoUnwrap.callConstructor(ConstructorSite.java:84)
at org.codehaus.groovy.runtime.callsite.CallSiteArray.defaultCallConstructor(CallSiteArray.java:59)
at org.codehaus.groovy.runtime.callsite.AbstractCallSite.callConstructor(AbstractCallSite.java:263)
at org.codehaus.groovy.runtime.callsite.AbstractCallSite.callConstructor(AbstractCallSite.java:277)
at io.restassured.internal.ResponseSpecificationImpl$HamcrestAssertionClosure.validate(ResponseSpecificationImpl.groovy:493)
at io.restassured.internal.ResponseSpecificationImpl$HamcrestAssertionClosure$validate$1.call(Unknown Source)
at org.codehaus.groovy.runtime.callsite.CallSiteArray.defaultCall(CallSiteArray.java:47)
at org.codehaus.groovy.runtime.callsite.AbstractCallSite.call(AbstractCallSite.java:125)
at org.codehaus.groovy.runtime.callsite.AbstractCallSite.call(AbstractCallSite.java:139)
at io.restassured.internal.ResponseSpecificationImpl.validateResponseIfRequired(ResponseSpecificationImpl.groovy:674)
at sun.reflect.NativeMethodAccessorImpl.invoke0(Native Method)
at sun.reflect.NativeMethodAccessorImpl.invoke(Unknown Source)
at sun.reflect.DelegatingMethodAccessorImpl.invoke(Unknown Source)
at java.lang.reflect.Method.invoke(Unknown Source)
at org.codehaus.groovy.runtime.callsite.PlainObjectMetaMethodSite.doInvoke(PlainObjectMetaMethodSite.java:43)
at org.codehaus.groovy.runtime.callsite.PogoMetaMethodSite$PogoCachedMethodSiteNoUnwrapNoCoerce.invoke(PogoMetaMethodSite.java:193)
at org.codehaus.groovy.runtime.callsite.PogoMetaMethodSite.callCurrent(PogoMetaMethodSite.java:61)
at org.codehaus.groovy.runtime.callsite.CallSiteArray.defaultCallCurrent(CallSiteArray.java:51)
at org.codehaus.groovy.runtime.callsite.AbstractCallSite.callCurrent(AbstractCallSite.java:171)
at org.codehaus.groovy.runtime.callsite.AbstractCallSite.callCurrent(AbstractCallSite.java:185)
at io.restassured.internal.ResponseSpecificationImpl.header(ResponseSpecificationImpl.groovy:182)
at io.restassured.specification.ResponseSpecification$header$0.callCurrent(Unknown Source)
at org.codehaus.groovy.runtime.callsite.CallSiteArray.defaultCallCurrent(CallSiteArray.java:51)
at org.codehaus.groovy.runtime.callsite.AbstractCallSite.callCurrent(AbstractCallSite.java:171)
at org.codehaus.groovy.runtime.callsite.AbstractCallSite.callCurrent(AbstractCallSite.java:194)
at io.restassured.internal.ResponseSpecificationImpl.header(ResponseSpecificationImpl.groovy:189)
at io.restassured.internal.ValidatableResponseOptionsImpl.header(ValidatableResponseOptionsImpl.java:124)
at io.restassured.internal.ValidatableResponseImpl.super$2$header(ValidatableResponseImpl.groovy)
at sun.reflect.NativeMethodAccessorImpl.invoke0(Native Method)
at sun.reflect.NativeMethodAccessorImpl.invoke(Unknown Source)
at sun.reflect.DelegatingMethodAccessorImpl.invoke(Unknown Source)
at java.lang.reflect.Method.invoke(Unknown Source)
at org.codehaus.groovy.reflection.CachedMethod.invoke(CachedMethod.java:107)
at groovy.lang.MetaMethod.doMethodInvoke(MetaMethod.java:323)
at groovy.lang.MetaClassImpl.invokeMethod(MetaClassImpl.java:1262)
at org.codehaus.groovy.runtime.ScriptBytecodeAdapter.invokeMethodOnSuperN(ScriptBytecodeAdapter.java:144)
at io.restassured.internal.ValidatableResponseImpl.header(ValidatableResponseImpl.groovy:184)
at io.restassured.internal.ValidatableResponseImpl.header(ValidatableResponseImpl.groovy)
at com.RestAPI.RestAssuredBDD.TC002_GET_Req_Employees.getEmployeesDetails(TC002_GET_Req_Employees.java:17)
at sun.reflect.NativeMethodAccessorImpl.invoke0(Native Method)
at sun.reflect.NativeMethodAccessorImpl.invoke(Unknown Source)
at sun.reflect.DelegatingMethodAccessorImpl.invoke(Unknown Source)
at java.lang.reflect.Method.invoke(Unknown Source)
at org.testng.internal.MethodInvocationHelper.invokeMethod(MethodInvocationHelper.java:124)
at org.testng.internal.Invoker.invokeMethod(Invoker.java:583)
at org.testng.internal.Invoker.invokeTestMethod(Invoker.java:719)
at org.testng.internal.Invoker.invokeTestMethods(Invoker.java:989)
at org.testng.internal.TestMethodWorker.invokeTestMethods(TestMethodWorker.java:125)
at org.testng.internal.TestMethodWorker.run(TestMethodWorker.java:109)
at org.testng.TestRunner.privateRun(TestRunner.java:648)
at org.testng.TestRunner.run(TestRunner.java:505)
at org.testng.SuiteRunner.runTest(SuiteRunner.java:455)
at org.testng.SuiteRunner.runSequentially(SuiteRunner.java:450)
at org.testng.SuiteRunner.privateRun(SuiteRunner.java:415)
at org.testng.SuiteRunner.run(SuiteRunner.java:364)
at org.testng.SuiteRunnerWorker.runSuite(SuiteRunnerWorker.java:52)
at org.testng.SuiteRunnerWorker.run(SuiteRunnerWorker.java:84)
at org.testng.TestNG.runSuitesSequentially(TestNG.java:1208)
at org.testng.TestNG.runSuitesLocally(TestNG.java:1137)
at org.testng.TestNG.runSuites(TestNG.java:1049)
at org.testng.TestNG.run(TestNG.java:1017)
at org.testng.remote.AbstractRemoteTestNG.run(AbstractRemoteTestNG.java:114)
at org.testng.remote.RemoteTestNG.initAndRun(RemoteTestNG.java:251)
at org.testng.remote.RemoteTestNG.main(RemoteTestNG.java:77)
]]>
    </failure>
  </testcase> <!-- getEmployeesDetails -->
</testsuite> <!-- com.RestAPI.RestAssuredBDD.TC002_GET_Req_Employees -->
