<?xml version="1.0" encoding="UTF-8"?>
<!-- Generated by org.testng.reporters.JUnitReportReporter -->
<testsuite skipped="0" hostname="DESKTOP-655TDM2" name="com.RestAPI.RestAssuredBDD.TC005_VerifyMultipleItems" tests="1" failures="0" timestamp="18 Jul 2020 10:24:41 GMT" time="6.928" errors="0">
  <testcase name="m1" time="6.928" classname="com.RestAPI.RestAssuredBDD.TC005_VerifyMultipleItems"/>
</testsuite> <!-- com.RestAPI.RestAssuredBDD.TC005_VerifyMultipleItems -->
