<?xml version="1.0" encoding="UTF-8"?>
<!-- Generated by org.testng.reporters.JUnitReportReporter -->
<testsuite skipped="0" hostname="DESKTOP-655TDM2" name="com.RestAPI.RestAssuredBDD.TC006_LogParameters" tests="1" failures="0" timestamp="18 Jul 2020 10:36:16 GMT" time="5.866" errors="0">
  <testcase name="params" time="5.866" classname="com.RestAPI.RestAssuredBDD.TC006_LogParameters"/>
</testsuite> <!-- com.RestAPI.RestAssuredBDD.TC006_LogParameters -->
